<?xml version="1.0" encoding="UTF-8"?>
<coverage generated="1740332507996" clover="3.2.0">
  <project timestamp="1740332507996" name="All files">
    <metrics statements="16" coveredstatements="16" conditionals="12" coveredconditionals="12" methods="6" coveredmethods="6" elements="34" coveredelements="34" complexity="0" loc="16" ncloc="16" packages="5" files="5" classes="5"/>
    <package name="shared.lib.format">
      <metrics statements="1" coveredstatements="1" conditionals="0" coveredconditionals="0" methods="1" coveredmethods="1"/>
      <file name="cn.ts" path="G:\Self_Improvement\Pet-Projects\VoteGo\src\shared\lib\format\cn.ts">
        <metrics statements="1" coveredstatements="1" conditionals="0" coveredconditionals="0" methods="1" coveredmethods="1"/>
        <line num="5" count="5" type="stmt"/>
      </file>
    </package>
    <package name="shared.ui.Container">
      <metrics statements="4" coveredstatements="4" conditionals="4" coveredconditionals="4" methods="1" coveredmethods="1"/>
      <file name="Container.tsx" path="G:\Self_Improvement\Pet-Projects\VoteGo\src\shared\ui\Container\Container.tsx">
        <metrics statements="4" coveredstatements="4" conditionals="4" coveredconditionals="4" methods="1" coveredmethods="1"/>
        <line num="10" count="1" type="stmt"/>
        <line num="15" count="5" type="stmt"/>
        <line num="16" count="5" type="cond" truecount="2" falsecount="0"/>
        <line num="20" count="5" type="stmt"/>
      </file>
    </package>
    <package name="widgets.hero">
      <metrics statements="2" coveredstatements="2" conditionals="2" coveredconditionals="2" methods="1" coveredmethods="1"/>
      <file name="Hero.tsx" path="G:\Self_Improvement\Pet-Projects\VoteGo\src\widgets\hero\Hero.tsx">
        <metrics statements="2" coveredstatements="2" conditionals="2" coveredconditionals="2" methods="1" coveredmethods="1"/>
        <line num="8" count="1" type="stmt"/>
        <line num="9" count="2" type="stmt"/>
      </file>
    </package>
    <package name="widgets.stats.model">
      <metrics statements="6" coveredstatements="6" conditionals="2" coveredconditionals="2" methods="2" coveredmethods="2"/>
      <file name="useStatsAnimation.tsx" path="G:\Self_Improvement\Pet-Projects\VoteGo\src\widgets\stats\model\useStatsAnimation.tsx">
        <metrics statements="6" coveredstatements="6" conditionals="2" coveredconditionals="2" methods="2" coveredmethods="2"/>
        <line num="5" count="1" type="stmt"/>
        <line num="6" count="5" type="stmt"/>
        <line num="10" count="5" type="stmt"/>
        <line num="12" count="5" type="stmt"/>
        <line num="13" count="3" type="cond" truecount="2" falsecount="0"/>
        <line num="16" count="5" type="stmt"/>
      </file>
    </package>
    <package name="widgets.stats.ui">
      <metrics statements="3" coveredstatements="3" conditionals="4" coveredconditionals="4" methods="1" coveredmethods="1"/>
      <file name="StatsItem.tsx" path="G:\Self_Improvement\Pet-Projects\VoteGo\src\widgets\stats\ui\StatsItem.tsx">
        <metrics statements="3" coveredstatements="3" conditionals="4" coveredconditionals="4" methods="1" coveredmethods="1"/>
        <line num="6" count="1" type="stmt"/>
        <line num="7" count="5" type="stmt"/>
        <line num="9" count="5" type="stmt"/>
      </file>
    </package>
  </project>
</coverage>
