{"G:\\Self_Improvement\\Pet-Projects\\VoteGo\\src\\shared\\lib\\format\\cn.ts": {"path":"G:\\Self_Improvement\\Pet-Projects\\VoteGo\\src\\shared\\lib\\format\\cn.ts","statementMap":{"0":{"start":{"line":5,"column":2},"end":{"line":5,"column":31}}},"fnMap":{"0":{"name":"cn","decl":{"start":{"line":4,"column":16},"end":{"line":4,"column":18}},"loc":{"start":{"line":4,"column":44},"end":{"line":6,"column":1}},"line":4}},"branchMap":{},"s":{"0":5},"f":{"0":5},"b":{},"_coverageSchema":"1a1c01bbd47fc00a2c39e90264f33305004495a9","hash":"333837e13d6ec34a3d93a362c0b65b9fff1fdd1d"}
,"G:\\Self_Improvement\\Pet-Projects\\VoteGo\\src\\shared\\ui\\Container\\Container.tsx": {"path":"G:\\Self_Improvement\\Pet-Projects\\VoteGo\\src\\shared\\ui\\Container\\Container.tsx","statementMap":{"0":{"start":{"line":10,"column":40},"end":{"line":28,"column":1}},"1":{"start":{"line":15,"column":21},"end":{"line":15,"column":51}},"2":{"start":{"line":16,"column":23},"end":{"line":18,"column":6}},"3":{"start":{"line":20,"column":1},"end":{"line":27,"column":3}}},"fnMap":{"0":{"name":"(anonymous_0)","decl":{"start":{"line":10,"column":40},"end":{"line":10,"column":41}},"loc":{"start":{"line":14,"column":6},"end":{"line":28,"column":1}},"line":14}},"branchMap":{"0":{"loc":{"start":{"line":12,"column":1},"end":{"line":12,"column":15}},"type":"default-arg","locations":[{"start":{"line":12,"column":10},"end":{"line":12,"column":15}}],"line":12},"1":{"loc":{"start":{"line":13,"column":1},"end":{"line":13,"column":15}},"type":"default-arg","locations":[{"start":{"line":13,"column":13},"end":{"line":13,"column":15}}],"line":13},"2":{"loc":{"start":{"line":16,"column":23},"end":{"line":18,"column":6}},"type":"cond-expr","locations":[{"start":{"line":17,"column":4},"end":{"line":17,"column":51}},{"start":{"line":18,"column":4},"end":{"line":18,"column":6}}],"line":16}},"s":{"0":1,"1":5,"2":5,"3":5},"f":{"0":5},"b":{"0":[3],"1":[2],"2":[2,3]},"_coverageSchema":"1a1c01bbd47fc00a2c39e90264f33305004495a9","hash":"40c4a330b13f7ebdd45061403122801e8830549f"}
,"G:\\Self_Improvement\\Pet-Projects\\VoteGo\\src\\widgets\\hero\\Hero.tsx": {"path":"G:\\Self_Improvement\\Pet-Projects\\VoteGo\\src\\widgets\\hero\\Hero.tsx","statementMap":{"0":{"start":{"line":8,"column":30},"end":{"line":24,"column":1}},"1":{"start":{"line":9,"column":1},"end":{"line":23,"column":3}}},"fnMap":{"0":{"name":"(anonymous_0)","decl":{"start":{"line":8,"column":30},"end":{"line":8,"column":31}},"loc":{"start":{"line":8,"column":55},"end":{"line":24,"column":1}},"line":8}},"branchMap":{"0":{"loc":{"start":{"line":14,"column":4},"end":{"line":21,"column":4}},"type":"binary-expr","locations":[{"start":{"line":14,"column":4},"end":{"line":14,"column":12}},{"start":{"line":15,"column":4},"end":{"line":20,"column":8}}],"line":14}},"s":{"0":1,"1":2},"f":{"0":2},"b":{"0":[2,1]},"_coverageSchema":"1a1c01bbd47fc00a2c39e90264f33305004495a9","hash":"20884060e5f3f2005a1222f52ee55f6ce52252a9"}
,"G:\\Self_Improvement\\Pet-Projects\\VoteGo\\src\\widgets\\stats\\model\\useStatsAnimation.tsx": {"path":"G:\\Self_Improvement\\Pet-Projects\\VoteGo\\src\\widgets\\stats\\model\\useStatsAnimation.tsx","statementMap":{"0":{"start":{"line":5,"column":33},"end":{"line":17,"column":1}},"1":{"start":{"line":6,"column":25},"end":{"line":9,"column":3}},"2":{"start":{"line":10,"column":35},"end":{"line":10,"column":50}},"3":{"start":{"line":12,"column":1},"end":{"line":14,"column":14}},"4":{"start":{"line":13,"column":2},"end":{"line":13,"column":33}},"5":{"start":{"line":13,"column":14},"end":{"line":13,"column":33}},"6":{"start":{"line":16,"column":1},"end":{"line":16,"column":27}}},"fnMap":{"0":{"name":"(anonymous_0)","decl":{"start":{"line":5,"column":33},"end":{"line":5,"column":34}},"loc":{"start":{"line":5,"column":39},"end":{"line":17,"column":1}},"line":5},"1":{"name":"(anonymous_1)","decl":{"start":{"line":12,"column":11},"end":{"line":12,"column":12}},"loc":{"start":{"line":12,"column":17},"end":{"line":14,"column":2}},"line":12}},"branchMap":{"0":{"loc":{"start":{"line":13,"column":2},"end":{"line":13,"column":33}},"type":"if","locations":[{"start":{"line":13,"column":2},"end":{"line":13,"column":33}},{"start":{},"end":{}}],"line":13}},"s":{"0":1,"1":5,"2":5,"3":5,"4":3,"5":2,"6":5},"f":{"0":5,"1":3},"b":{"0":[2,1]},"_coverageSchema":"1a1c01bbd47fc00a2c39e90264f33305004495a9","hash":"8e0d19af354df341f50e0a147dc1ce7f2d34c5c3"}
,"G:\\Self_Improvement\\Pet-Projects\\VoteGo\\src\\widgets\\stats\\ui\\StatsItem.tsx": {"path":"G:\\Self_Improvement\\Pet-Projects\\VoteGo\\src\\widgets\\stats\\ui\\StatsItem.tsx","statementMap":{"0":{"start":{"line":6,"column":25},"end":{"line":33,"column":1}},"1":{"start":{"line":7,"column":28},"end":{"line":7,"column":47}},"2":{"start":{"line":9,"column":1},"end":{"line":32,"column":3}}},"fnMap":{"0":{"name":"(anonymous_0)","decl":{"start":{"line":6,"column":25},"end":{"line":6,"column":26}},"loc":{"start":{"line":6,"column":57},"end":{"line":33,"column":1}},"line":6}},"branchMap":{"0":{"loc":{"start":{"line":19,"column":5},"end":{"line":26,"column":5}},"type":"binary-expr","locations":[{"start":{"line":19,"column":5},"end":{"line":19,"column":14}},{"start":{"line":20,"column":5},"end":{"line":25,"column":7}}],"line":19},"1":{"loc":{"start":{"line":23,"column":16},"end":{"line":23,"column":39}},"type":"cond-expr","locations":[{"start":{"line":23,"column":34},"end":{"line":23,"column":35}},{"start":{"line":23,"column":38},"end":{"line":23,"column":39}}],"line":23}},"s":{"0":1,"1":5,"2":5},"f":{"0":5},"b":{"0":[5,2],"1":[1,1]},"_coverageSchema":"1a1c01bbd47fc00a2c39e90264f33305004495a9","hash":"35cdb2cf3e7e4187268d438d54ed56ada3fe4da6"}
}
