{"G:\\Self_Improvement\\Pet-Projects\\VoteGo\\src\\widgets\\hero\\Hero.tsx": {"path":"G:\\Self_Improvement\\Pet-Projects\\VoteGo\\src\\widgets\\hero\\Hero.tsx","statementMap":{"0":{"start":{"line":8,"column":30},"end":{"line":24,"column":1}},"1":{"start":{"line":9,"column":1},"end":{"line":23,"column":3}}},"fnMap":{"0":{"name":"(anonymous_0)","decl":{"start":{"line":8,"column":30},"end":{"line":8,"column":31}},"loc":{"start":{"line":8,"column":55},"end":{"line":24,"column":1}},"line":8}},"branchMap":{"0":{"loc":{"start":{"line":14,"column":4},"end":{"line":21,"column":4}},"type":"binary-expr","locations":[{"start":{"line":14,"column":4},"end":{"line":14,"column":12}},{"start":{"line":15,"column":4},"end":{"line":20,"column":8}}],"line":14}},"s":{"0":1,"1":2},"f":{"0":2},"b":{"0":[2,1]},"_coverageSchema":"1a1c01bbd47fc00a2c39e90264f33305004495a9","hash":"20884060e5f3f2005a1222f52ee55f6ce52252a9"}
}
