TN:
SF:src\shared\lib\format\cn.ts
FN:4,cn
FNF:1
FNH:1
FNDA:5,cn
DA:5,5
LF:1
LH:1
BRF:0
BRH:0
end_of_record
TN:
SF:src\shared\ui\Container\Container.tsx
FN:10,(anonymous_0)
FNF:1
FNH:1
FNDA:5,(anonymous_0)
DA:10,1
DA:15,5
DA:16,5
DA:20,5
LF:4
LH:4
BRDA:12,0,0,3
BRDA:13,1,0,2
BRDA:16,2,0,2
BRDA:16,2,1,3
BRF:4
BRH:4
end_of_record
TN:
SF:src\widgets\hero\Hero.tsx
FN:8,(anonymous_0)
FNF:1
FNH:1
FNDA:2,(anonymous_0)
DA:8,1
DA:9,2
LF:2
LH:2
BRDA:14,0,0,2
BRDA:14,0,1,1
BRF:2
BRH:2
end_of_record
TN:
SF:src\widgets\stats\model\useStatsAnimation.tsx
FN:5,(anonymous_0)
FN:12,(anonymous_1)
FNF:2
FNH:2
FNDA:5,(anonymous_0)
FNDA:3,(anonymous_1)
DA:5,1
DA:6,5
DA:10,5
DA:12,5
DA:13,3
DA:16,5
LF:6
LH:6
BRDA:13,0,0,2
BRDA:13,0,1,1
BRF:2
BRH:2
end_of_record
TN:
SF:src\widgets\stats\ui\StatsItem.tsx
FN:6,(anonymous_0)
FNF:1
FNH:1
FNDA:5,(anonymous_0)
DA:6,1
DA:7,5
DA:9,5
LF:3
LH:3
BRDA:19,0,0,5
BRDA:19,0,1,2
BRDA:23,1,0,1
BRDA:23,1,1,1
BRF:4
BRH:4
end_of_record
